make  all-recursive
make[1]: entrant dans le répertoire « /home/santolin/these/programs/scangen/scangen-2.0/build »
Making all in src
make[2]: entrant dans le répertoire « /home/santolin/these/programs/scangen/scangen-2.0/build/src »
make[2]: Rien à faire pour « all ».
make[2]: quittant le répertoire « /home/santolin/these/programs/scangen/scangen-2.0/build/src »
make[2]: entrant dans le répertoire « /home/santolin/these/programs/scangen/scangen-2.0/build »
make[2]: Rien à faire pour « all-am ».
make[2]: quittant le répertoire « /home/santolin/these/programs/scangen/scangen-2.0/build »
make[1]: quittant le répertoire « /home/santolin/these/programs/scangen/scangen-2.0/build »
/home/santolin/these/programs/scangen/scangen-2.0/results/droso/plaza/updates_paper/20120319_new-ovoQ6+motif-vert+imogene/pareto/rouge-bleu
enhancers
pos: /home/santolin/these/files/droso/plaza/coords/201012/coords-pos.dat
neg: /home/santolin/these/files/droso/plaza/coords/201203-full-neg/neg-dm2.dat
foo, thres 5
Species: droso
Thresholds: thr2=5 thr=4 thrcons=4
Loading Motifs...
Loaded 1 motifs.
Nb mots for score: 2
Loading background set...
Loaded 100 sequences.
Computing lambda background...
Loading pos/neg sequences...
Positive set: 14
neyo: sequence not found or overlap
shaintron: sequence not found or overlap
Negative set: 25
Computing ROC infos...
exit normally
Species: droso
Thresholds: thr2=5 thr=4 thrcons=4
Loading Motifs...
Loaded 1 motifs.
Nb mots for score: 2
Loading background set...
Loaded 100 sequences.
Computing lambda background...
Loading pos/neg sequences...
Positive set: 14
neyo: sequence not found or overlap
shaintron: sequence not found or overlap
Negative set: 25
Computing ROC infos...
exit normally
foo, thres 5
Species: droso
Thresholds: thr2=5 thr=4 thrcons=4
Loading Motifs...
Loaded 1 motifs.
Nb mots for score: 2
Loading background set...
Loaded 100 sequences.
Computing lambda background...
Loading pos/neg sequences...
Positive set: 14
neyo: sequence not found or overlap
shaintron: sequence not found or overlap
Negative set: 25
Computing ROC infos...
exit normally
Species: droso
Thresholds: thr2=5 thr=4 thrcons=4
Loading Motifs...
Loaded 1 motifs.
Nb mots for score: 2
Loading background set...
Loaded 100 sequences.
Computing lambda background...
Loading pos/neg sequences...
Positive set: 14
neyo: sequence not found or overlap
shaintron: sequence not found or overlap
Negative set: 25
Computing ROC infos...
exit normally
foo, thres 6
Species: droso
Thresholds: thr2=6 thr=5 thrcons=5
Loading Motifs...
Loaded 1 motifs.
Nb mots for score: 2
Loading background set...
Loaded 100 sequences.
Computing lambda background...
Loading pos/neg sequences...
Positive set: 14
neyo: sequence not found or overlap
shaintron: sequence not found or overlap
Negative set: 25
Computing ROC infos...
exit normally
Species: droso
Thresholds: thr2=6 thr=5 thrcons=5
Loading Motifs...
Loaded 1 motifs.
Nb mots for score: 2
Loading background set...
Loaded 100 sequences.
Computing lambda background...
Loading pos/neg sequences...
Positive set: 14
neyo: sequence not found or overlap
shaintron: sequence not found or overlap
Negative set: 25
Computing ROC infos...
exit normally
foo, thres 6
Species: droso
Thresholds: thr2=6 thr=5 thrcons=5
Loading Motifs...
Loaded 1 motifs.
Nb mots for score: 2
Loading background set...
Loaded 100 sequences.
Computing lambda background...
Loading pos/neg sequences...
Positive set: 14
neyo: sequence not found or overlap
shaintron: sequence not found or overlap
Negative set: 25
Computing ROC infos...
exit normally
Species: droso
Thresholds: thr2=6 thr=5 thrcons=5
Loading Motifs...
Loaded 1 motifs.
Nb mots for score: 2
Loading background set...
Loaded 100 sequences.
Computing lambda background...
Loading pos/neg sequences...
Positive set: 14
neyo: sequence not found or overlap
shaintron: sequence not found or overlap
Negative set: 25
Computing ROC infos...
exit normally
foo, thres 7
Species: droso
Thresholds: thr2=7 thr=6 thrcons=6
Loading Motifs...
Loaded 1 motifs.
Nb mots for score: 2
Loading background set...
Loaded 100 sequences.
Computing lambda background...
Loading pos/neg sequences...
Positive set: 14
neyo: sequence not found or overlap
shaintron: sequence not found or overlap
Negative set: 25
Computing ROC infos...
exit normally
Species: droso
Thresholds: thr2=7 thr=6 thrcons=6
Loading Motifs...
Loaded 1 motifs.
Nb mots for score: 2
Loading background set...
Loaded 100 sequences.
Computing lambda background...
Loading pos/neg sequences...
Positive set: 14
neyo: sequence not found or overlap
shaintron: sequence not found or overlap
Negative set: 25
Computing ROC infos...
exit normally
foo, thres 7
Species: droso
Thresholds: thr2=7 thr=6 thrcons=6
Loading Motifs...
Loaded 1 motifs.
Nb mots for score: 2
Loading background set...
Loaded 100 sequences.
Computing lambda background...
Loading pos/neg sequences...
Positive set: 14
neyo: sequence not found or overlap
shaintron: sequence not found or overlap
Negative set: 25
Computing ROC infos...
exit normally
Species: droso
Thresholds: thr2=7 thr=6 thrcons=6
Loading Motifs...
Loaded 1 motifs.
Nb mots for score: 2
Loading background set...
Loaded 100 sequences.
Computing lambda background...
Loading pos/neg sequences...
Positive set: 14
neyo: sequence not found or overlap
shaintron: sequence not found or overlap
Negative set: 25
Computing ROC infos...
exit normally
foo, thres 8
Species: droso
Thresholds: thr2=8 thr=7 thrcons=7
Loading Motifs...
Loaded 1 motifs.
Nb mots for score: 2
Loading background set...
Loaded 100 sequences.
Computing lambda background...
Loading pos/neg sequences...
Positive set: 14
neyo: sequence not found or overlap
shaintron: sequence not found or overlap
Negative set: 25
Computing ROC infos...
exit normally
Species: droso
Thresholds: thr2=8 thr=7 thrcons=7
Loading Motifs...
Loaded 1 motifs.
Nb mots for score: 2
Loading background set...
Loaded 100 sequences.
Computing lambda background...
Loading pos/neg sequences...
Positive set: 14
neyo: sequence not found or overlap
shaintron: sequence not found or overlap
Negative set: 25
Computing ROC infos...
exit normally
foo, thres 8
Species: droso
Thresholds: thr2=8 thr=7 thrcons=7
Loading Motifs...
Loaded 1 motifs.
Nb mots for score: 2
Loading background set...
Loaded 100 sequences.
Computing lambda background...
Loading pos/neg sequences...
Positive set: 14
neyo: sequence not found or overlap
shaintron: sequence not found or overlap
Negative set: 25
Computing ROC infos...
exit normally
Species: droso
Thresholds: thr2=8 thr=7 thrcons=7
Loading Motifs...
Loaded 1 motifs.
Nb mots for score: 2
Loading background set...
Loaded 100 sequences.
Computing lambda background...
Loading pos/neg sequences...
Positive set: 14
neyo: sequence not found or overlap
shaintron: sequence not found or overlap
Negative set: 25
Computing ROC infos...
exit normally
foo, thres 9
Species: droso
Thresholds: thr2=9 thr=8 thrcons=8
Loading Motifs...
Loaded 1 motifs.
Nb mots for score: 2
Loading background set...
Loaded 100 sequences.
Computing lambda background...
Loading pos/neg sequences...
Positive set: 14
neyo: sequence not found or overlap
shaintron: sequence not found or overlap
Negative set: 25
Computing ROC infos...
exit normally
Species: droso
Thresholds: thr2=9 thr=8 thrcons=8
Loading Motifs...
Loaded 1 motifs.
Nb mots for score: 2
Loading background set...
Loaded 100 sequences.
Computing lambda background...
Loading pos/neg sequences...
Positive set: 14
neyo: sequence not found or overlap
shaintron: sequence not found or overlap
Negative set: 25
Computing ROC infos...
exit normally
foo, thres 9
Species: droso
Thresholds: thr2=9 thr=8 thrcons=8
Loading Motifs...
Loaded 1 motifs.
Nb mots for score: 2
Loading background set...
Loaded 100 sequences.
Computing lambda background...
Loading pos/neg sequences...
Positive set: 14
neyo: sequence not found or overlap
shaintron: sequence not found or overlap
Negative set: 25
Computing ROC infos...
exit normally
Species: droso
Thresholds: thr2=9 thr=8 thrcons=8
Loading Motifs...
Loaded 1 motifs.
Nb mots for score: 2
Loading background set...
Loaded 100 sequences.
Computing lambda background...
Loading pos/neg sequences...
Positive set: 14
neyo: sequence not found or overlap
shaintron: sequence not found or overlap
Negative set: 25
Computing ROC infos...
exit normally
