\BOOKMARK [0][]{.0}{Table des mati\350res}{}% 1
\BOOKMARK [0][]{division.1}{Liste des figures}{}% 2
\BOOKMARK [0][]{division.1}{Avant-propos}{}% 3
\BOOKMARK [0][]{division.2}{Chapitre 1 - Introduction g\351n\351rale.}{}% 4
\BOOKMARK [1][]{section.2.1}{1.1 La diff\351renciation cellulaire}{division.2}% 5
\BOOKMARK [1][]{section.2.2}{1.2 Les r\351seaux de r\351gulation g\351n\351tique}{division.2}% 6
\BOOKMARK [1][]{section.2.3}{1.3 D\351crire les interactions au seins des r\351seaux.}{division.2}% 7
\BOOKMARK [0][]{division.3}{Chapitre 2 - Mod\350les de fixation des Facteurs de Transcription \340 l'ADN.}{}% 8
\BOOKMARK [1][]{section.3.1}{2.1 Les mod\350les de fixation}{division.3}% 9
\BOOKMARK [1][]{section.3.2}{2.2 Description des donn\351es biologiques}{division.3}% 10
\BOOKMARK [1][]{section.3.3}{2.3 Pr\351sentation de l'algorithme}{division.3}% 11
\BOOKMARK [1][]{section.3.4}{2.4 Performance des mod\350les}{division.3}% 12
\BOOKMARK [1][]{section.3.5}{2.5 Analyse des corr\351lations}{division.3}% 13
\BOOKMARK [1][]{section.3.6}{2.6 Comparaison avec des donn\351es in vitro}{division.3}% 14
\BOOKMARK [0][]{division.4}{Chapitre 3 - Imogene: un algorithme d'identification de motifs et de modules de r\351gulation transcriptionnelle}{}% 15
\BOOKMARK [1][]{section.4.1}{3.1 }{division.4}% 16
\BOOKMARK [0][]{division.5}{Chapitre 4 - \311tude de la diff\351renciation \351pidermale chez la drosophile}{}% 17
\BOOKMARK [1][]{section.5.1}{4.1 }{division.5}% 18
\BOOKMARK [0][]{division.6}{Chapitre 5 - \311tude de la diff\351renciation musculaire chez la souris}{}% 19
\BOOKMARK [1][]{section.6.1}{5.1 }{division.6}% 20
\BOOKMARK [0][]{division.7}{Chapitre 6 - Chapitre d'exemples}{}% 21
\BOOKMARK [1][]{section.7.1}{6.1 Titre de la section}{division.7}% 22
\BOOKMARK [0][]{subsection.7.1.2}{Conclusion}{}% 23
\BOOKMARK [0][]{division.8}{Bibliographie}{}% 24
\BOOKMARK [0][]{abstract.9.0}{R\351sum\351}{}% 25
\BOOKMARK [0][]{abstract.10.0}{Abstract}{}% 26
