make  all-recursive
make[1]: entrant dans le répertoire « /home/santolin/these/programs/scangen/scangen-2.0/build »
Making all in src
make[2]: entrant dans le répertoire « /home/santolin/these/programs/scangen/scangen-2.0/build/src »
make[2]: Rien à faire pour « all ».
make[2]: quittant le répertoire « /home/santolin/these/programs/scangen/scangen-2.0/build/src »
make[2]: entrant dans le répertoire « /home/santolin/these/programs/scangen/scangen-2.0/build »
make[2]: Rien à faire pour « all-am ».
make[2]: quittant le répertoire « /home/santolin/these/programs/scangen/scangen-2.0/build »
make[1]: quittant le répertoire « /home/santolin/these/programs/scangen/scangen-2.0/build »
/home/santolin/these/programs/scangen/scangen-2.0/results/droso/plaza/updates_paper/20120319_new_ovoQ6/pareto/ovoQ6
enhancers
pos: /home/santolin/these/files/droso/plaza/coords/201012/coords-pos.dat
neg: /home/santolin/these/files/droso/plaza/coords/201012/coords-neg.dat
/home/santolin/these/files/droso/plaza/ovo_Q6/selex+footprint+gelshift/ovoQ6-wname.dat, thres 5
Species: droso
Thresholds: thr2=5 thr=4 thrcons=4
Loading Motifs...
Loaded 1 motifs.
Nb mots for score: 1
Loading background set...
Loaded 100 sequences.
Computing lambda background...
Loading pos/neg sequences...
Positive set: 14
Negative set: 18
Computing ROC infos...
exit normally
Species: droso
Thresholds: thr2=5 thr=4 thrcons=4
Loading Motifs...
Loaded 1 motifs.
Nb mots for score: 1
Loading background set...
Loaded 100 sequences.
Computing lambda background...
Loading pos/neg sequences...
Positive set: 14
Negative set: 18
Computing ROC infos...
exit normally
/home/santolin/these/files/droso/plaza/ovo_Q6/selex+footprint+gelshift/ovoQ6-wname.dat, thres 6
Species: droso
Thresholds: thr2=6 thr=5 thrcons=5
Loading Motifs...
Loaded 1 motifs.
Nb mots for score: 1
Loading background set...
Loaded 100 sequences.
Computing lambda background...
Loading pos/neg sequences...
Positive set: 14
Negative set: 18
Computing ROC infos...
exit normally
Species: droso
Thresholds: thr2=6 thr=5 thrcons=5
Loading Motifs...
Loaded 1 motifs.
Nb mots for score: 1
Loading background set...
Loaded 100 sequences.
Computing lambda background...
Loading pos/neg sequences...
Positive set: 14
Negative set: 18
Computing ROC infos...
exit normally
/home/santolin/these/files/droso/plaza/ovo_Q6/selex+footprint+gelshift/ovoQ6-wname.dat, thres 7
Species: droso
Thresholds: thr2=7 thr=6 thrcons=6
Loading Motifs...
Loaded 1 motifs.
Nb mots for score: 1
Loading background set...
Loaded 100 sequences.
Computing lambda background...
Loading pos/neg sequences...
Positive set: 14
Negative set: 18
Computing ROC infos...
exit normally
Species: droso
Thresholds: thr2=7 thr=6 thrcons=6
Loading Motifs...
Loaded 1 motifs.
Nb mots for score: 1
Loading background set...
Loaded 100 sequences.
Computing lambda background...
Loading pos/neg sequences...
Positive set: 14
Negative set: 18
Computing ROC infos...
exit normally
/home/santolin/these/files/droso/plaza/ovo_Q6/selex+footprint+gelshift/ovoQ6-wname.dat, thres 8
Species: droso
Thresholds: thr2=8 thr=7 thrcons=7
Loading Motifs...
Loaded 1 motifs.
Nb mots for score: 1
Loading background set...
Loaded 100 sequences.
Computing lambda background...
Loading pos/neg sequences...
Positive set: 14
Negative set: 18
Computing ROC infos...
exit normally
Species: droso
Thresholds: thr2=8 thr=7 thrcons=7
Loading Motifs...
Loaded 1 motifs.
Nb mots for score: 1
Loading background set...
Loaded 100 sequences.
Computing lambda background...
Loading pos/neg sequences...
Positive set: 14
Negative set: 18
Computing ROC infos...
exit normally
/home/santolin/these/files/droso/plaza/ovo_Q6/selex+footprint+gelshift/ovoQ6-wname.dat, thres 9
Species: droso
Thresholds: thr2=9 thr=8 thrcons=8
Loading Motifs...
Loaded 1 motifs.
Nb mots for score: 1
Loading background set...
Loaded 100 sequences.
Computing lambda background...
Loading pos/neg sequences...
Positive set: 14
Negative set: 18
Computing ROC infos...
exit normally
Species: droso
Thresholds: thr2=9 thr=8 thrcons=8
Loading Motifs...
Loaded 1 motifs.
Nb mots for score: 1
Loading background set...
Loaded 100 sequences.
Computing lambda background...
Loading pos/neg sequences...
Positive set: 14
Negative set: 18
Computing ROC infos...
exit normally
targets
pos: /home/santolin/these/files/droso/plaza/target-genes/align/regs-pos-align-no-training-set.dat
neg: /home/santolin/these/files/droso/plaza/target-genes/align/regs-neg-align.dat
/home/santolin/these/files/droso/plaza/ovo_Q6/selex+footprint+gelshift/ovoQ6-wname.dat, thres 5
Species: droso
Thresholds: thr2=5 thr=4 thrcons=4
Loading Motifs...
Loaded 1 motifs.
Nb mots for score: 1
Loading background set...
Loaded 100 sequences.
Computing lambda background...
Loading pos/neg sequences...
Positive set: 352
Negative set: 997
Computing ROC infos...
exit normally
Species: droso
Thresholds: thr2=5 thr=4 thrcons=4
Loading Motifs...
Loaded 1 motifs.
Nb mots for score: 1
Loading background set...
Loaded 100 sequences.
Computing lambda background...
Loading pos/neg sequences...
Positive set: 352
Negative set: 997
Computing ROC infos...
exit normally
/home/santolin/these/files/droso/plaza/ovo_Q6/selex+footprint+gelshift/ovoQ6-wname.dat, thres 6
Species: droso
Thresholds: thr2=6 thr=5 thrcons=5
Loading Motifs...
Loaded 1 motifs.
Nb mots for score: 1
Loading background set...
Loaded 100 sequences.
Computing lambda background...
Loading pos/neg sequences...
Positive set: 352
Negative set: 997
Computing ROC infos...
exit normally
Species: droso
Thresholds: thr2=6 thr=5 thrcons=5
Loading Motifs...
Loaded 1 motifs.
Nb mots for score: 1
Loading background set...
Loaded 100 sequences.
Computing lambda background...
Loading pos/neg sequences...
Positive set: 352
Negative set: 997
Computing ROC infos...
exit normally
/home/santolin/these/files/droso/plaza/ovo_Q6/selex+footprint+gelshift/ovoQ6-wname.dat, thres 7
Species: droso
Thresholds: thr2=7 thr=6 thrcons=6
Loading Motifs...
Loaded 1 motifs.
Nb mots for score: 1
Loading background set...
Loaded 100 sequences.
Computing lambda background...
Loading pos/neg sequences...
Positive set: 352
Negative set: 997
Computing ROC infos...
exit normally
Species: droso
Thresholds: thr2=7 thr=6 thrcons=6
Loading Motifs...
Loaded 1 motifs.
Nb mots for score: 1
Loading background set...
Loaded 100 sequences.
Computing lambda background...
Loading pos/neg sequences...
Positive set: 352
Negative set: 997
Computing ROC infos...
exit normally
/home/santolin/these/files/droso/plaza/ovo_Q6/selex+footprint+gelshift/ovoQ6-wname.dat, thres 8
Species: droso
Thresholds: thr2=8 thr=7 thrcons=7
Loading Motifs...
Loaded 1 motifs.
Nb mots for score: 1
Loading background set...
Loaded 100 sequences.
Computing lambda background...
Loading pos/neg sequences...
Positive set: 352
Negative set: 997
Computing ROC infos...
exit normally
Species: droso
Thresholds: thr2=8 thr=7 thrcons=7
Loading Motifs...
Loaded 1 motifs.
Nb mots for score: 1
Loading background set...
Loaded 100 sequences.
Computing lambda background...
Loading pos/neg sequences...
Positive set: 352
Negative set: 997
Computing ROC infos...
exit normally
/home/santolin/these/files/droso/plaza/ovo_Q6/selex+footprint+gelshift/ovoQ6-wname.dat, thres 9
Species: droso
Thresholds: thr2=9 thr=8 thrcons=8
Loading Motifs...
Loaded 1 motifs.
Nb mots for score: 1
Loading background set...
Loaded 100 sequences.
Computing lambda background...
Loading pos/neg sequences...
Positive set: 352
Negative set: 997
Computing ROC infos...
exit normally
Species: droso
Thresholds: thr2=9 thr=8 thrcons=8
Loading Motifs...
Loaded 1 motifs.
Nb mots for score: 1
Loading background set...
Loaded 100 sequences.
Computing lambda background...
Loading pos/neg sequences...
Positive set: 352
Negative set: 997
Computing ROC infos...
exit normally
make  all-recursive
make[1]: entrant dans le répertoire « /home/santolin/these/programs/scangen/scangen-2.0/build »
Making all in src
make[2]: entrant dans le répertoire « /home/santolin/these/programs/scangen/scangen-2.0/build/src »
make[2]: Rien à faire pour « all ».
make[2]: quittant le répertoire « /home/santolin/these/programs/scangen/scangen-2.0/build/src »
make[2]: entrant dans le répertoire « /home/santolin/these/programs/scangen/scangen-2.0/build »
make[2]: Rien à faire pour « all-am ».
make[2]: quittant le répertoire « /home/santolin/these/programs/scangen/scangen-2.0/build »
make[1]: quittant le répertoire « /home/santolin/these/programs/scangen/scangen-2.0/build »
/home/santolin/these/programs/scangen/scangen-2.0/results/droso/plaza/updates_paper/20120319_new-ovoQ6+motif-vert+imogene/pareto/TTATGGAA
enhancers
pos: /home/santolin/these/files/droso/plaza/coords/201012/coords-pos.dat
neg: /home/santolin/these/files/droso/plaza/coords/201203-full-neg/neg-dm2.dat
/home/santolin/these/files/droso/plaza/TTATGGAA/t5/TTATGGAA-wname.dat, thres 0
Species: droso
Thresholds: thr2=0 thr=-1 thrcons=-1
Loading Motifs...
Loaded 1 motifs.
Nb mots for score: 1
Loading background set...
Loaded 100 sequences.
Computing lambda background...
Loading pos/neg sequences...
Positive set: 14
neyo: sequence not found or overlap
shaintron: sequence not found or overlap
Negative set: 25
Computing ROC infos...
exit normally
Species: droso
Thresholds: thr2=0 thr=-1 thrcons=-1
Loading Motifs...
Loaded 1 motifs.
Nb mots for score: 1
Loading background set...
Loaded 100 sequences.
Computing lambda background...
Loading pos/neg sequences...
Positive set: 14
neyo: sequence not found or overlap
shaintron: sequence not found or overlap
Negative set: 25
Computing ROC infos...
exit normally
/home/santolin/these/files/droso/plaza/TTATGGAA/t5/TTATGGAA-wname.dat, thres 1
Species: droso
Thresholds: thr2=1 thr=0 thrcons=0
Loading Motifs...
Loaded 1 motifs.
Nb mots for score: 1
Loading background set...
Loaded 100 sequences.
Computing lambda background...
Loading pos/neg sequences...
Positive set: 14
neyo: sequence not found or overlap
shaintron: sequence not found or overlap
Negative set: 25
Computing ROC infos...
exit normally
Species: droso
Thresholds: thr2=1 thr=0 thrcons=0
Loading Motifs...
Loaded 1 motifs.
Nb mots for score: 1
Loading background set...
Loaded 100 sequences.
Computing lambda background...
Loading pos/neg sequences...
Positive set: 14
neyo: sequence not found or overlap
shaintron: sequence not found or overlap
Negative set: 25
Computing ROC infos...
exit normally
/home/santolin/these/files/droso/plaza/TTATGGAA/t5/TTATGGAA-wname.dat, thres 2
Species: droso
Thresholds: thr2=2 thr=1 thrcons=1
Loading Motifs...
Loaded 1 motifs.
Nb mots for score: 1
Loading background set...
Loaded 100 sequences.
Computing lambda background...
Loading pos/neg sequences...
Positive set: 14
neyo: sequence not found or overlap
shaintron: sequence not found or overlap
Negative set: 25
Computing ROC infos...
exit normally
Species: droso
Thresholds: thr2=2 thr=1 thrcons=1
Loading Motifs...
Loaded 1 motifs.
Nb mots for score: 1
Loading background set...
Loaded 100 sequences.
Computing lambda background...
Loading pos/neg sequences...
Positive set: 14
neyo: sequence not found or overlap
shaintron: sequence not found or overlap
Negative set: 25
Computing ROC infos...
exit normally
/home/santolin/these/files/droso/plaza/TTATGGAA/t5/TTATGGAA-wname.dat, thres 3
Species: droso
Thresholds: thr2=3 thr=2 thrcons=2
Loading Motifs...
Loaded 1 motifs.
Nb mots for score: 1
Loading background set...
Loaded 100 sequences.
Computing lambda background...
Loading pos/neg sequences...
Positive set: 14
neyo: sequence not found or overlap
shaintron: sequence not found or overlap
Negative set: 25
Computing ROC infos...
exit normally
Species: droso
Thresholds: thr2=3 thr=2 thrcons=2
Loading Motifs...
Loaded 1 motifs.
Nb mots for score: 1
Loading background set...
Loaded 100 sequences.
Computing lambda background...
Loading pos/neg sequences...
Positive set: 14
neyo: sequence not found or overlap
shaintron: sequence not found or overlap
Negative set: 25
Computing ROC infos...
exit normally
/home/santolin/these/files/droso/plaza/TTATGGAA/t5/TTATGGAA-wname.dat, thres 4
Species: droso
Thresholds: thr2=4 thr=3 thrcons=3
Loading Motifs...
Loaded 1 motifs.
Nb mots for score: 1
Loading background set...
Loaded 100 sequences.
Computing lambda background...
Loading pos/neg sequences...
Positive set: 14
neyo: sequence not found or overlap
shaintron: sequence not found or overlap
Negative set: 25
Computing ROC infos...
exit normally
Species: droso
Thresholds: thr2=4 thr=3 thrcons=3
Loading Motifs...
Loaded 1 motifs.
Nb mots for score: 1
Loading background set...
Loaded 100 sequences.
Computing lambda background...
Loading pos/neg sequences...
Positive set: 14
neyo: sequence not found or overlap
shaintron: sequence not found or overlap
Negative set: 25
Computing ROC infos...
exit normally
/home/santolin/these/files/droso/plaza/TTATGGAA/t5/TTATGGAA-wname.dat, thres 5
Species: droso
Thresholds: thr2=5 thr=4 thrcons=4
Loading Motifs...
Loaded 1 motifs.
Nb mots for score: 1
Loading background set...
Loaded 100 sequences.
Computing lambda background...
Loading pos/neg sequences...
Positive set: 14
neyo: sequence not found or overlap
shaintron: sequence not found or overlap
Negative set: 25
Computing ROC infos...
exit normally
Species: droso
Thresholds: thr2=5 thr=4 thrcons=4
Loading Motifs...
Loaded 1 motifs.
Nb mots for score: 1
Loading background set...
Loaded 100 sequences.
Computing lambda background...
Loading pos/neg sequences...
Positive set: 14
neyo: sequence not found or overlap
shaintron: sequence not found or overlap
Negative set: 25
Computing ROC infos...
exit normally
/home/santolin/these/files/droso/plaza/TTATGGAA/t6/TTATGGAA-wname.dat, thres 1
Species: droso
Thresholds: thr2=1 thr=0 thrcons=0
Loading Motifs...
Loaded 1 motifs.
Nb mots for score: 1
Loading background set...
Loaded 100 sequences.
Computing lambda background...
Loading pos/neg sequences...
Positive set: 14
neyo: sequence not found or overlap
shaintron: sequence not found or overlap
Negative set: 25
Computing ROC infos...
exit normally
Species: droso
Thresholds: thr2=1 thr=0 thrcons=0
Loading Motifs...
Loaded 1 motifs.
Nb mots for score: 1
Loading background set...
Loaded 100 sequences.
Computing lambda background...
Loading pos/neg sequences...
Positive set: 14
neyo: sequence not found or overlap
shaintron: sequence not found or overlap
Negative set: 25
Computing ROC infos...
exit normally
/home/santolin/these/files/droso/plaza/TTATGGAA/t6/TTATGGAA-wname.dat, thres 2
Species: droso
Thresholds: thr2=2 thr=1 thrcons=1
Loading Motifs...
Loaded 1 motifs.
Nb mots for score: 1
Loading background set...
Loaded 100 sequences.
Computing lambda background...
Loading pos/neg sequences...
Positive set: 14
neyo: sequence not found or overlap
shaintron: sequence not found or overlap
Negative set: 25
Computing ROC infos...
exit normally
Species: droso
Thresholds: thr2=2 thr=1 thrcons=1
Loading Motifs...
Loaded 1 motifs.
Nb mots for score: 1
Loading background set...
Loaded 100 sequences.
Computing lambda background...
Loading pos/neg sequences...
Positive set: 14
neyo: sequence not found or overlap
shaintron: sequence not found or overlap
Negative set: 25
Computing ROC infos...
exit normally
/home/santolin/these/files/droso/plaza/TTATGGAA/t6/TTATGGAA-wname.dat, thres 3
Species: droso
Thresholds: thr2=3 thr=2 thrcons=2
Loading Motifs...
Loaded 1 motifs.
Nb mots for score: 1
Loading background set...
Loaded 100 sequences.
Computing lambda background...
Loading pos/neg sequences...
Positive set: 14
neyo: sequence not found or overlap
shaintron: sequence not found or overlap
Negative set: 25
Computing ROC infos...
exit normally
Species: droso
Thresholds: thr2=3 thr=2 thrcons=2
Loading Motifs...
Loaded 1 motifs.
Nb mots for score: 1
Loading background set...
Loaded 100 sequences.
Computing lambda background...
Loading pos/neg sequences...
Positive set: 14
neyo: sequence not found or overlap
shaintron: sequence not found or overlap
Negative set: 25
Computing ROC infos...
exit normally
/home/santolin/these/files/droso/plaza/TTATGGAA/t6/TTATGGAA-wname.dat, thres 4
Species: droso
Thresholds: thr2=4 thr=3 thrcons=3
Loading Motifs...
Loaded 1 motifs.
Nb mots for score: 1
Loading background set...
Loaded 100 sequences.
Computing lambda background...
Loading pos/neg sequences...
Positive set: 14
neyo: sequence not found or overlap
shaintron: sequence not found or overlap
Negative set: 25
Computing ROC infos...
exit normally
Species: droso
Thresholds: thr2=4 thr=3 thrcons=3
Loading Motifs...
Loaded 1 motifs.
Nb mots for score: 1
Loading background set...
Loaded 100 sequences.
Computing lambda background...
Loading pos/neg sequences...
Positive set: 14
neyo: sequence not found or overlap
shaintron: sequence not found or overlap
Negative set: 25
Computing ROC infos...
exit normally
/home/santolin/these/files/droso/plaza/TTATGGAA/t6/TTATGGAA-wname.dat, thres 5
Species: droso
Thresholds: thr2=5 thr=4 thrcons=4
Loading Motifs...
Loaded 1 motifs.
Nb mots for score: 1
Loading background set...
Loaded 100 sequences.
Computing lambda background...
Loading pos/neg sequences...
Positive set: 14
neyo: sequence not found or overlap
shaintron: sequence not found or overlap
Negative set: 25
Computing ROC infos...
exit normally
Species: droso
Thresholds: thr2=5 thr=4 thrcons=4
Loading Motifs...
Loaded 1 motifs.
Nb mots for score: 1
Loading background set...
Loaded 100 sequences.
Computing lambda background...
Loading pos/neg sequences...
Positive set: 14
neyo: sequence not found or overlap
shaintron: sequence not found or overlap
Negative set: 25
Computing ROC infos...
exit normally
/home/santolin/these/files/droso/plaza/TTATGGAA/t6/TTATGGAA-wname.dat, thres 6
Species: droso
Thresholds: thr2=6 thr=5 thrcons=5
Loading Motifs...
Loaded 1 motifs.
Nb mots for score: 1
Loading background set...
Loaded 100 sequences.
Computing lambda background...
Loading pos/neg sequences...
Positive set: 14
neyo: sequence not found or overlap
shaintron: sequence not found or overlap
Negative set: 25
Computing ROC infos...
exit normally
Species: droso
Thresholds: thr2=6 thr=5 thrcons=5
Loading Motifs...
Loaded 1 motifs.
Nb mots for score: 1
Loading background set...
Loaded 100 sequences.
Computing lambda background...
Loading pos/neg sequences...
Positive set: 14
neyo: sequence not found or overlap
shaintron: sequence not found or overlap
Negative set: 25
Computing ROC infos...
exit normally
/home/santolin/these/files/droso/plaza/TTATGGAA/t7/TTATGGAA-wname.dat, thres 2
Species: droso
Thresholds: thr2=2 thr=1 thrcons=1
Loading Motifs...
Loaded 1 motifs.
Nb mots for score: 1
Loading background set...
Loaded 100 sequences.
Computing lambda background...
Loading pos/neg sequences...
Positive set: 14
neyo: sequence not found or overlap
shaintron: sequence not found or overlap
Negative set: 25
Computing ROC infos...
exit normally
Species: droso
Thresholds: thr2=2 thr=1 thrcons=1
Loading Motifs...
Loaded 1 motifs.
Nb mots for score: 1
Loading background set...
Loaded 100 sequences.
Computing lambda background...
Loading pos/neg sequences...
Positive set: 14
neyo: sequence not found or overlap
shaintron: sequence not found or overlap
Negative set: 25
Computing ROC infos...
exit normally
/home/santolin/these/files/droso/plaza/TTATGGAA/t7/TTATGGAA-wname.dat, thres 3
Species: droso
Thresholds: thr2=3 thr=2 thrcons=2
Loading Motifs...
Loaded 1 motifs.
Nb mots for score: 1
Loading background set...
Loaded 100 sequences.
Computing lambda background...
Loading pos/neg sequences...
Positive set: 14
neyo: sequence not found or overlap
shaintron: sequence not found or overlap
Negative set: 25
Computing ROC infos...
exit normally
Species: droso
Thresholds: thr2=3 thr=2 thrcons=2
Loading Motifs...
Loaded 1 motifs.
Nb mots for score: 1
Loading background set...
Loaded 100 sequences.
Computing lambda background...
Loading pos/neg sequences...
Positive set: 14
neyo: sequence not found or overlap
shaintron: sequence not found or overlap
Negative set: 25
Computing ROC infos...
exit normally
/home/santolin/these/files/droso/plaza/TTATGGAA/t7/TTATGGAA-wname.dat, thres 4
Species: droso
Thresholds: thr2=4 thr=3 thrcons=3
Loading Motifs...
Loaded 1 motifs.
Nb mots for score: 1
Loading background set...
Loaded 100 sequences.
Computing lambda background...
Loading pos/neg sequences...
Positive set: 14
neyo: sequence not found or overlap
shaintron: sequence not found or overlap
Negative set: 25
Computing ROC infos...
exit normally
Species: droso
Thresholds: thr2=4 thr=3 thrcons=3
Loading Motifs...
Loaded 1 motifs.
Nb mots for score: 1
Loading background set...
Loaded 100 sequences.
Computing lambda background...
Loading pos/neg sequences...
Positive set: 14
neyo: sequence not found or overlap
shaintron: sequence not found or overlap
Negative set: 25
Computing ROC infos...
exit normally
/home/santolin/these/files/droso/plaza/TTATGGAA/t7/TTATGGAA-wname.dat, thres 5
Species: droso
Thresholds: thr2=5 thr=4 thrcons=4
Loading Motifs...
Loaded 1 motifs.
Nb mots for score: 1
Loading background set...
Loaded 100 sequences.
Computing lambda background...
Loading pos/neg sequences...
Positive set: 14
neyo: sequence not found or overlap
shaintron: sequence not found or overlap
Negative set: 25
Computing ROC infos...
exit normally
Species: droso
Thresholds: thr2=5 thr=4 thrcons=4
Loading Motifs...
Loaded 1 motifs.
Nb mots for score: 1
Loading background set...
Loaded 100 sequences.
Computing lambda background...
Loading pos/neg sequences...
Positive set: 14
neyo: sequence not found or overlap
shaintron: sequence not found or overlap
Negative set: 25
Computing ROC infos...
exit normally
/home/santolin/these/files/droso/plaza/TTATGGAA/t7/TTATGGAA-wname.dat, thres 6
Species: droso
Thresholds: thr2=6 thr=5 thrcons=5
Loading Motifs...
Loaded 1 motifs.
Nb mots for score: 1
Loading background set...
Loaded 100 sequences.
Computing lambda background...
Loading pos/neg sequences...
Positive set: 14
neyo: sequence not found or overlap
shaintron: sequence not found or overlap
Negative set: 25
Computing ROC infos...
exit normally
Species: droso
Thresholds: thr2=6 thr=5 thrcons=5
Loading Motifs...
Loaded 1 motifs.
Nb mots for score: 1
Loading background set...
Loaded 100 sequences.
Computing lambda background...
Loading pos/neg sequences...
Positive set: 14
neyo: sequence not found or overlap
shaintron: sequence not found or overlap
Negative set: 25
Computing ROC infos...
exit normally
/home/santolin/these/files/droso/plaza/TTATGGAA/t7/TTATGGAA-wname.dat, thres 7
Species: droso
Thresholds: thr2=7 thr=6 thrcons=6
Loading Motifs...
Loaded 1 motifs.
Nb mots for score: 1
Loading background set...
Loaded 100 sequences.
Computing lambda background...
Loading pos/neg sequences...
Positive set: 14
neyo: sequence not found or overlap
shaintron: sequence not found or overlap
Negative set: 25
Computing ROC infos...
exit normally
Species: droso
Thresholds: thr2=7 thr=6 thrcons=6
Loading Motifs...
Loaded 1 motifs.
Nb mots for score: 1
Loading background set...
Loaded 100 sequences.
Computing lambda background...
Loading pos/neg sequences...
Positive set: 14
neyo: sequence not found or overlap
shaintron: sequence not found or overlap
Negative set: 25
Computing ROC infos...
exit normally
/home/santolin/these/files/droso/plaza/TTATGGAA/t8/TTATGGAA-wname.dat, thres 3
Species: droso
Thresholds: thr2=3 thr=2 thrcons=2
Loading Motifs...
Loaded 1 motifs.
Nb mots for score: 1
Loading background set...
Loaded 100 sequences.
Computing lambda background...
Loading pos/neg sequences...
Positive set: 14
neyo: sequence not found or overlap
shaintron: sequence not found or overlap
Negative set: 25
Computing ROC infos...
exit normally
Species: droso
Thresholds: thr2=3 thr=2 thrcons=2
Loading Motifs...
Loaded 1 motifs.
Nb mots for score: 1
Loading background set...
Loaded 100 sequences.
Computing lambda background...
Loading pos/neg sequences...
Positive set: 14
neyo: sequence not found or overlap
shaintron: sequence not found or overlap
Negative set: 25
Computing ROC infos...
exit normally
/home/santolin/these/files/droso/plaza/TTATGGAA/t8/TTATGGAA-wname.dat, thres 4
Species: droso
Thresholds: thr2=4 thr=3 thrcons=3
Loading Motifs...
Loaded 1 motifs.
Nb mots for score: 1
Loading background set...
Loaded 100 sequences.
Computing lambda background...
Loading pos/neg sequences...
Positive set: 14
neyo: sequence not found or overlap
shaintron: sequence not found or overlap
Negative set: 25
Computing ROC infos...
exit normally
Species: droso
Thresholds: thr2=4 thr=3 thrcons=3
Loading Motifs...
Loaded 1 motifs.
Nb mots for score: 1
Loading background set...
Loaded 100 sequences.
Computing lambda background...
Loading pos/neg sequences...
Positive set: 14
neyo: sequence not found or overlap
shaintron: sequence not found or overlap
Negative set: 25
Computing ROC infos...
exit normally
/home/santolin/these/files/droso/plaza/TTATGGAA/t8/TTATGGAA-wname.dat, thres 5
Species: droso
Thresholds: thr2=5 thr=4 thrcons=4
Loading Motifs...
Loaded 1 motifs.
Nb mots for score: 1
Loading background set...
Loaded 100 sequences.
Computing lambda background...
Loading pos/neg sequences...
Positive set: 14
neyo: sequence not found or overlap
shaintron: sequence not found or overlap
Negative set: 25
Computing ROC infos...
exit normally
Species: droso
Thresholds: thr2=5 thr=4 thrcons=4
Loading Motifs...
Loaded 1 motifs.
Nb mots for score: 1
Loading background set...
Loaded 100 sequences.
Computing lambda background...
Loading pos/neg sequences...
Positive set: 14
neyo: sequence not found or overlap
shaintron: sequence not found or overlap
Negative set: 25
Computing ROC infos...
exit normally
/home/santolin/these/files/droso/plaza/TTATGGAA/t8/TTATGGAA-wname.dat, thres 6
Species: droso
Thresholds: thr2=6 thr=5 thrcons=5
Loading Motifs...
Loaded 1 motifs.
Nb mots for score: 1
Loading background set...
Loaded 100 sequences.
Computing lambda background...
Loading pos/neg sequences...
Positive set: 14
neyo: sequence not found or overlap
shaintron: sequence not found or overlap
Negative set: 25
Computing ROC infos...
exit normally
Species: droso
Thresholds: thr2=6 thr=5 thrcons=5
Loading Motifs...
Loaded 1 motifs.
Nb mots for score: 1
Loading background set...
Loaded 100 sequences.
Computing lambda background...
Loading pos/neg sequences...
Positive set: 14
neyo: sequence not found or overlap
shaintron: sequence not found or overlap
Negative set: 25
Computing ROC infos...
exit normally
/home/santolin/these/files/droso/plaza/TTATGGAA/t8/TTATGGAA-wname.dat, thres 7
Species: droso
Thresholds: thr2=7 thr=6 thrcons=6
Loading Motifs...
Loaded 1 motifs.
Nb mots for score: 1
Loading background set...
Loaded 100 sequences.
Computing lambda background...
Loading pos/neg sequences...
Positive set: 14
neyo: sequence not found or overlap
shaintron: sequence not found or overlap
Negative set: 25
Computing ROC infos...
exit normally
Species: droso
Thresholds: thr2=7 thr=6 thrcons=6
Loading Motifs...
Loaded 1 motifs.
Nb mots for score: 1
Loading background set...
Loaded 100 sequences.
Computing lambda background...
Loading pos/neg sequences...
Positive set: 14
neyo: sequence not found or overlap
shaintron: sequence not found or overlap
Negative set: 25
Computing ROC infos...
exit normally
/home/santolin/these/files/droso/plaza/TTATGGAA/t8/TTATGGAA-wname.dat, thres 8
Species: droso
Thresholds: thr2=8 thr=7 thrcons=7
Loading Motifs...
Loaded 1 motifs.
Nb mots for score: 1
Loading background set...
Loaded 100 sequences.
Computing lambda background...
Loading pos/neg sequences...
Positive set: 14
neyo: sequence not found or overlap
shaintron: sequence not found or overlap
Negative set: 25
Computing ROC infos...
exit normally
Species: droso
Thresholds: thr2=8 thr=7 thrcons=7
Loading Motifs...
Loaded 1 motifs.
Nb mots for score: 1
Loading background set...
Loaded 100 sequences.
Computing lambda background...
Loading pos/neg sequences...
Positive set: 14
neyo: sequence not found or overlap
shaintron: sequence not found or overlap
Negative set: 25
Computing ROC infos...
exit normally
/home/santolin/these/files/droso/plaza/TTATGGAA/t9/TTATGGAA-wname.dat, thres 4
Species: droso
Thresholds: thr2=4 thr=3 thrcons=3
Loading Motifs...
Loaded 1 motifs.
Nb mots for score: 1
Loading background set...
Loaded 100 sequences.
Computing lambda background...
Loading pos/neg sequences...
Positive set: 14
neyo: sequence not found or overlap
shaintron: sequence not found or overlap
Negative set: 25
Computing ROC infos...
exit normally
Species: droso
Thresholds: thr2=4 thr=3 thrcons=3
Loading Motifs...
Loaded 1 motifs.
Nb mots for score: 1
Loading background set...
Loaded 100 sequences.
Computing lambda background...
Loading pos/neg sequences...
Positive set: 14
neyo: sequence not found or overlap
shaintron: sequence not found or overlap
Negative set: 25
Computing ROC infos...
exit normally
/home/santolin/these/files/droso/plaza/TTATGGAA/t9/TTATGGAA-wname.dat, thres 5
Species: droso
Thresholds: thr2=5 thr=4 thrcons=4
Loading Motifs...
Loaded 1 motifs.
Nb mots for score: 1
Loading background set...
Loaded 100 sequences.
Computing lambda background...
Loading pos/neg sequences...
Positive set: 14
neyo: sequence not found or overlap
shaintron: sequence not found or overlap
Negative set: 25
Computing ROC infos...
exit normally
Species: droso
Thresholds: thr2=5 thr=4 thrcons=4
Loading Motifs...
Loaded 1 motifs.
Nb mots for score: 1
Loading background set...
Loaded 100 sequences.
Computing lambda background...
Loading pos/neg sequences...
Positive set: 14
neyo: sequence not found or overlap
shaintron: sequence not found or overlap
Negative set: 25
Computing ROC infos...
exit normally
/home/santolin/these/files/droso/plaza/TTATGGAA/t9/TTATGGAA-wname.dat, thres 6
Species: droso
Thresholds: thr2=6 thr=5 thrcons=5
Loading Motifs...
Loaded 1 motifs.
Nb mots for score: 1
Loading background set...
Loaded 100 sequences.
Computing lambda background...
Loading pos/neg sequences...
Positive set: 14
neyo: sequence not found or overlap
shaintron: sequence not found or overlap
Negative set: 25
Computing ROC infos...
exit normally
Species: droso
Thresholds: thr2=6 thr=5 thrcons=5
Loading Motifs...
Loaded 1 motifs.
Nb mots for score: 1
Loading background set...
Loaded 100 sequences.
Computing lambda background...
Loading pos/neg sequences...
Positive set: 14
neyo: sequence not found or overlap
shaintron: sequence not found or overlap
Negative set: 25
Computing ROC infos...
exit normally
/home/santolin/these/files/droso/plaza/TTATGGAA/t9/TTATGGAA-wname.dat, thres 7
Species: droso
Thresholds: thr2=7 thr=6 thrcons=6
Loading Motifs...
Loaded 1 motifs.
Nb mots for score: 1
Loading background set...
Loaded 100 sequences.
Computing lambda background...
Loading pos/neg sequences...
Positive set: 14
neyo: sequence not found or overlap
shaintron: sequence not found or overlap
Negative set: 25
Computing ROC infos...
exit normally
Species: droso
Thresholds: thr2=7 thr=6 thrcons=6
Loading Motifs...
Loaded 1 motifs.
Nb mots for score: 1
Loading background set...
Loaded 100 sequences.
Computing lambda background...
Loading pos/neg sequences...
Positive set: 14
neyo: sequence not found or overlap
shaintron: sequence not found or overlap
Negative set: 25
Computing ROC infos...
exit normally
/home/santolin/these/files/droso/plaza/TTATGGAA/t9/TTATGGAA-wname.dat, thres 8
Species: droso
Thresholds: thr2=8 thr=7 thrcons=7
Loading Motifs...
Loaded 1 motifs.
Nb mots for score: 1
Loading background set...
Loaded 100 sequences.
Computing lambda background...
Loading pos/neg sequences...
Positive set: 14
neyo: sequence not found or overlap
shaintron: sequence not found or overlap
Negative set: 25
Computing ROC infos...
exit normally
Species: droso
Thresholds: thr2=8 thr=7 thrcons=7
Loading Motifs...
Loaded 1 motifs.
Nb mots for score: 1
Loading background set...
Loaded 100 sequences.
Computing lambda background...
Loading pos/neg sequences...
Positive set: 14
neyo: sequence not found or overlap
shaintron: sequence not found or overlap
Negative set: 25
Computing ROC infos...
exit normally
/home/santolin/these/files/droso/plaza/TTATGGAA/t9/TTATGGAA-wname.dat, thres 9
Species: droso
Thresholds: thr2=9 thr=8 thrcons=8
Loading Motifs...
Loaded 1 motifs.
Nb mots for score: 1
Loading background set...
Loaded 100 sequences.
Computing lambda background...
Loading pos/neg sequences...
Positive set: 14
neyo: sequence not found or overlap
shaintron: sequence not found or overlap
Negative set: 25
Computing ROC infos...
exit normally
Species: droso
Thresholds: thr2=9 thr=8 thrcons=8
Loading Motifs...
Loaded 1 motifs.
Nb mots for score: 1
Loading background set...
Loaded 100 sequences.
Computing lambda background...
Loading pos/neg sequences...
Positive set: 14
neyo: sequence not found or overlap
shaintron: sequence not found or overlap
Negative set: 25
Computing ROC infos...
exit normally
/home/santolin/these/files/droso/plaza/TTATGGAA/t10/TTATGGAA-wname.dat, thres 5
Species: droso
Thresholds: thr2=5 thr=4 thrcons=4
Loading Motifs...
Loaded 1 motifs.
Nb mots for score: 1
Loading background set...
Loaded 100 sequences.
Computing lambda background...
Loading pos/neg sequences...
Positive set: 14
neyo: sequence not found or overlap
shaintron: sequence not found or overlap
Negative set: 25
Computing ROC infos...
exit normally
Species: droso
Thresholds: thr2=5 thr=4 thrcons=4
Loading Motifs...
Loaded 1 motifs.
Nb mots for score: 1
Loading background set...
Loaded 100 sequences.
Computing lambda background...
Loading pos/neg sequences...
Positive set: 14
neyo: sequence not found or overlap
shaintron: sequence not found or overlap
Negative set: 25
Computing ROC infos...
exit normally
/home/santolin/these/files/droso/plaza/TTATGGAA/t10/TTATGGAA-wname.dat, thres 6
Species: droso
Thresholds: thr2=6 thr=5 thrcons=5
Loading Motifs...
Loaded 1 motifs.
Nb mots for score: 1
Loading background set...
Loaded 100 sequences.
Computing lambda background...
Loading pos/neg sequences...
Positive set: 14
neyo: sequence not found or overlap
shaintron: sequence not found or overlap
Negative set: 25
Computing ROC infos...
exit normally
Species: droso
Thresholds: thr2=6 thr=5 thrcons=5
Loading Motifs...
Loaded 1 motifs.
Nb mots for score: 1
Loading background set...
Loaded 100 sequences.
Computing lambda background...
Loading pos/neg sequences...
Positive set: 14
neyo: sequence not found or overlap
shaintron: sequence not found or overlap
Negative set: 25
Computing ROC infos...
exit normally
/home/santolin/these/files/droso/plaza/TTATGGAA/t10/TTATGGAA-wname.dat, thres 7
Species: droso
Thresholds: thr2=7 thr=6 thrcons=6
Loading Motifs...
Loaded 1 motifs.
Nb mots for score: 1
Loading background set...
Loaded 100 sequences.
Computing lambda background...
Loading pos/neg sequences...
Positive set: 14
neyo: sequence not found or overlap
shaintron: sequence not found or overlap
Negative set: 25
Computing ROC infos...
exit normally
Species: droso
Thresholds: thr2=7 thr=6 thrcons=6
Loading Motifs...
Loaded 1 motifs.
Nb mots for score: 1
Loading background set...
Loaded 100 sequences.
Computing lambda background...
Loading pos/neg sequences...
Positive set: 14
neyo: sequence not found or overlap
shaintron: sequence not found or overlap
Negative set: 25
Computing ROC infos...
exit normally
/home/santolin/these/files/droso/plaza/TTATGGAA/t10/TTATGGAA-wname.dat, thres 8
Species: droso
Thresholds: thr2=8 thr=7 thrcons=7
Loading Motifs...
Loaded 1 motifs.
Nb mots for score: 1
Loading background set...
Loaded 100 sequences.
Computing lambda background...
Loading pos/neg sequences...
Positive set: 14
neyo: sequence not found or overlap
shaintron: sequence not found or overlap
Negative set: 25
Computing ROC infos...
exit normally
Species: droso
Thresholds: thr2=8 thr=7 thrcons=7
Loading Motifs...
Loaded 1 motifs.
Nb mots for score: 1
Loading background set...
Loaded 100 sequences.
Computing lambda background...
Loading pos/neg sequences...
Positive set: 14
neyo: sequence not found or overlap
shaintron: sequence not found or overlap
Negative set: 25
Computing ROC infos...
exit normally
/home/santolin/these/files/droso/plaza/TTATGGAA/t10/TTATGGAA-wname.dat, thres 9
Species: droso
Thresholds: thr2=9 thr=8 thrcons=8
Loading Motifs...
Loaded 1 motifs.
Nb mots for score: 1
Loading background set...
Loaded 100 sequences.
Computing lambda background...
Loading pos/neg sequences...
Positive set: 14
neyo: sequence not found or overlap
shaintron: sequence not found or overlap
Negative set: 25
Computing ROC infos...
exit normally
Species: droso
Thresholds: thr2=9 thr=8 thrcons=8
Loading Motifs...
Loaded 1 motifs.
Nb mots for score: 1
Loading background set...
Loaded 100 sequences.
Computing lambda background...
Loading pos/neg sequences...
Positive set: 14
neyo: sequence not found or overlap
shaintron: sequence not found or overlap
Negative set: 25
Computing ROC infos...
exit normally
/home/santolin/these/files/droso/plaza/TTATGGAA/t10/TTATGGAA-wname.dat, thres 10
Species: droso
Thresholds: thr2=10 thr=9 thrcons=9
Loading Motifs...
Loaded 1 motifs.
Nb mots for score: 1
Loading background set...
Loaded 100 sequences.
Computing lambda background...
Loading pos/neg sequences...
Positive set: 14
neyo: sequence not found or overlap
shaintron: sequence not found or overlap
Negative set: 25
Computing ROC infos...
exit normally
Species: droso
Thresholds: thr2=10 thr=9 thrcons=9
Loading Motifs...
Loaded 1 motifs.
Nb mots for score: 1
Loading background set...
Loaded 100 sequences.
Computing lambda background...
Loading pos/neg sequences...
Positive set: 14
neyo: sequence not found or overlap
shaintron: sequence not found or overlap
Negative set: 25
Computing ROC infos...
exit normally
/home/santolin/these/files/droso/plaza/TTATGGAA/t11/TTATGGAA-wname.dat, thres 6
Species: droso
Thresholds: thr2=6 thr=5 thrcons=5
Loading Motifs...
Loaded 1 motifs.
Nb mots for score: 1
Loading background set...
Loaded 100 sequences.
Computing lambda background...
Loading pos/neg sequences...
Positive set: 14
neyo: sequence not found or overlap
shaintron: sequence not found or overlap
Negative set: 25
Computing ROC infos...
exit normally
Species: droso
Thresholds: thr2=6 thr=5 thrcons=5
Loading Motifs...
Loaded 1 motifs.
Nb mots for score: 1
Loading background set...
Loaded 100 sequences.
Computing lambda background...
Loading pos/neg sequences...
Positive set: 14
neyo: sequence not found or overlap
shaintron: sequence not found or overlap
Negative set: 25
Computing ROC infos...
exit normally
/home/santolin/these/files/droso/plaza/TTATGGAA/t11/TTATGGAA-wname.dat, thres 7
Species: droso
Thresholds: thr2=7 thr=6 thrcons=6
Loading Motifs...
Loaded 1 motifs.
Nb mots for score: 1
Loading background set...
Loaded 100 sequences.
Computing lambda background...
Loading pos/neg sequences...
Positive set: 14
neyo: sequence not found or overlap
shaintron: sequence not found or overlap
Negative set: 25
Computing ROC infos...
exit normally
Species: droso
Thresholds: thr2=7 thr=6 thrcons=6
Loading Motifs...
Loaded 1 motifs.
Nb mots for score: 1
Loading background set...
Loaded 100 sequences.
Computing lambda background...
Loading pos/neg sequences...
Positive set: 14
neyo: sequence not found or overlap
shaintron: sequence not found or overlap
Negative set: 25
Computing ROC infos...
exit normally
/home/santolin/these/files/droso/plaza/TTATGGAA/t11/TTATGGAA-wname.dat, thres 8
Species: droso
Thresholds: thr2=8 thr=7 thrcons=7
Loading Motifs...
Loaded 1 motifs.
Nb mots for score: 1
Loading background set...
Loaded 100 sequences.
Computing lambda background...
Loading pos/neg sequences...
Positive set: 14
neyo: sequence not found or overlap
shaintron: sequence not found or overlap
Negative set: 25
Computing ROC infos...
exit normally
Species: droso
Thresholds: thr2=8 thr=7 thrcons=7
Loading Motifs...
Loaded 1 motifs.
Nb mots for score: 1
Loading background set...
Loaded 100 sequences.
Computing lambda background...
Loading pos/neg sequences...
Positive set: 14
neyo: sequence not found or overlap
shaintron: sequence not found or overlap
Negative set: 25
Computing ROC infos...
exit normally
/home/santolin/these/files/droso/plaza/TTATGGAA/t11/TTATGGAA-wname.dat, thres 9
Species: droso
Thresholds: thr2=9 thr=8 thrcons=8
Loading Motifs...
Loaded 1 motifs.
Nb mots for score: 1
Loading background set...
Loaded 100 sequences.
Computing lambda background...
Loading pos/neg sequences...
Positive set: 14
neyo: sequence not found or overlap
shaintron: sequence not found or overlap
Negative set: 25
Computing ROC infos...
exit normally
Species: droso
Thresholds: thr2=9 thr=8 thrcons=8
Loading Motifs...
Loaded 1 motifs.
Nb mots for score: 1
Loading background set...
Loaded 100 sequences.
Computing lambda background...
Loading pos/neg sequences...
Positive set: 14
neyo: sequence not found or overlap
shaintron: sequence not found or overlap
Negative set: 25
Computing ROC infos...
exit normally
/home/santolin/these/files/droso/plaza/TTATGGAA/t11/TTATGGAA-wname.dat, thres 10
Species: droso
Thresholds: thr2=10 thr=9 thrcons=9
Loading Motifs...
Loaded 1 motifs.
Nb mots for score: 1
Loading background set...
Loaded 100 sequences.
Computing lambda background...
Loading pos/neg sequences...
Positive set: 14
neyo: sequence not found or overlap
shaintron: sequence not found or overlap
Negative set: 25
Computing ROC infos...
exit normally
Species: droso
Thresholds: thr2=10 thr=9 thrcons=9
Loading Motifs...
Loaded 1 motifs.
Nb mots for score: 1
Loading background set...
Loaded 100 sequences.
Computing lambda background...
Loading pos/neg sequences...
Positive set: 14
neyo: sequence not found or overlap
shaintron: sequence not found or overlap
Negative set: 25
Computing ROC infos...
exit normally
/home/santolin/these/files/droso/plaza/TTATGGAA/t11/TTATGGAA-wname.dat, thres 11
Species: droso
Thresholds: thr2=11 thr=10 thrcons=10
Loading Motifs...
Loaded 1 motifs.
Nb mots for score: 1
Loading background set...
Loaded 100 sequences.
Computing lambda background...
Loading pos/neg sequences...
Positive set: 14
neyo: sequence not found or overlap
shaintron: sequence not found or overlap
Negative set: 25
Computing ROC infos...
exit normally
Species: droso
Thresholds: thr2=11 thr=10 thrcons=10
Loading Motifs...
Loaded 1 motifs.
Nb mots for score: 1
Loading background set...
Loaded 100 sequences.
Computing lambda background...
Loading pos/neg sequences...
Positive set: 14
neyo: sequence not found or overlap
shaintron: sequence not found or overlap
Negative set: 25
Computing ROC infos...
exit normally
/home/santolin/these/files/droso/plaza/TTATGGAA/t12/TTATGGAA-wname.dat, thres 7
Species: droso
Thresholds: thr2=7 thr=6 thrcons=6
Loading Motifs...
Loaded 1 motifs.
Nb mots for score: 1
Loading background set...
Loaded 100 sequences.
Computing lambda background...
Loading pos/neg sequences...
Positive set: 14
neyo: sequence not found or overlap
shaintron: sequence not found or overlap
Negative set: 25
Computing ROC infos...
exit normally
Species: droso
Thresholds: thr2=7 thr=6 thrcons=6
Loading Motifs...
Loaded 1 motifs.
Nb mots for score: 1
Loading background set...
Loaded 100 sequences.
Computing lambda background...
Loading pos/neg sequences...
Positive set: 14
neyo: sequence not found or overlap
shaintron: sequence not found or overlap
Negative set: 25
Computing ROC infos...
exit normally
/home/santolin/these/files/droso/plaza/TTATGGAA/t12/TTATGGAA-wname.dat, thres 8
Species: droso
Thresholds: thr2=8 thr=7 thrcons=7
Loading Motifs...
Loaded 1 motifs.
Nb mots for score: 1
Loading background set...
Loaded 100 sequences.
Computing lambda background...
Loading pos/neg sequences...
Positive set: 14
neyo: sequence not found or overlap
shaintron: sequence not found or overlap
Negative set: 25
Computing ROC infos...
exit normally
Species: droso
Thresholds: thr2=8 thr=7 thrcons=7
Loading Motifs...
Loaded 1 motifs.
Nb mots for score: 1
Loading background set...
Loaded 100 sequences.
Computing lambda background...
Loading pos/neg sequences...
Positive set: 14
neyo: sequence not found or overlap
shaintron: sequence not found or overlap
Negative set: 25
Computing ROC infos...
exit normally
/home/santolin/these/files/droso/plaza/TTATGGAA/t12/TTATGGAA-wname.dat, thres 9
Species: droso
Thresholds: thr2=9 thr=8 thrcons=8
Loading Motifs...
Loaded 1 motifs.
Nb mots for score: 1
Loading background set...
Loaded 100 sequences.
Computing lambda background...
Loading pos/neg sequences...
Positive set: 14
neyo: sequence not found or overlap
shaintron: sequence not found or overlap
Negative set: 25
Computing ROC infos...
exit normally
Species: droso
Thresholds: thr2=9 thr=8 thrcons=8
Loading Motifs...
Loaded 1 motifs.
Nb mots for score: 1
Loading background set...
Loaded 100 sequences.
Computing lambda background...
Loading pos/neg sequences...
Positive set: 14
neyo: sequence not found or overlap
shaintron: sequence not found or overlap
Negative set: 25
Computing ROC infos...
exit normally
/home/santolin/these/files/droso/plaza/TTATGGAA/t12/TTATGGAA-wname.dat, thres 10
Species: droso
Thresholds: thr2=10 thr=9 thrcons=9
Loading Motifs...
Loaded 1 motifs.
Nb mots for score: 1
Loading background set...
Loaded 100 sequences.
Computing lambda background...
Loading pos/neg sequences...
Positive set: 14
neyo: sequence not found or overlap
shaintron: sequence not found or overlap
Negative set: 25
Computing ROC infos...
exit normally
Species: droso
Thresholds: thr2=10 thr=9 thrcons=9
Loading Motifs...
Loaded 1 motifs.
Nb mots for score: 1
Loading background set...
Loaded 100 sequences.
Computing lambda background...
Loading pos/neg sequences...
Positive set: 14
neyo: sequence not found or overlap
shaintron: sequence not found or overlap
Negative set: 25
Computing ROC infos...
exit normally
/home/santolin/these/files/droso/plaza/TTATGGAA/t12/TTATGGAA-wname.dat, thres 11
Species: droso
Thresholds: thr2=11 thr=10 thrcons=10
Loading Motifs...
Loaded 1 motifs.
Nb mots for score: 1
Loading background set...
Loaded 100 sequences.
Computing lambda background...
Loading pos/neg sequences...
Positive set: 14
neyo: sequence not found or overlap
shaintron: sequence not found or overlap
Negative set: 25
Computing ROC infos...
exit normally
Species: droso
Thresholds: thr2=11 thr=10 thrcons=10
Loading Motifs...
Loaded 1 motifs.
Nb mots for score: 1
Loading background set...
Loaded 100 sequences.
Computing lambda background...
Loading pos/neg sequences...
Positive set: 14
neyo: sequence not found or overlap
shaintron: sequence not found or overlap
Negative set: 25
Computing ROC infos...
exit normally
/home/santolin/these/files/droso/plaza/TTATGGAA/t12/TTATGGAA-wname.dat, thres 12
Species: droso
Thresholds: thr2=12 thr=11 thrcons=11
Loading Motifs...
Loaded 1 motifs.
Nb mots for score: 1
Loading background set...
Loaded 100 sequences.
Computing lambda background...
Loading pos/neg sequences...
Positive set: 14
neyo: sequence not found or overlap
shaintron: sequence not found or overlap
Negative set: 25
Computing ROC infos...
exit normally
Species: droso
Thresholds: thr2=12 thr=11 thrcons=11
Loading Motifs...
Loaded 1 motifs.
Nb mots for score: 1
Loading background set...
Loaded 100 sequences.
Computing lambda background...
Loading pos/neg sequences...
Positive set: 14
neyo: sequence not found or overlap
shaintron: sequence not found or overlap
Negative set: 25
Computing ROC infos...
exit normally
